0 info it worked if it ends with ok
1 verbose cli [ '/Users/gaurav/.ndenv/versions/5.10.1/bin/node',
1 verbose cli   '/Users/gaurav/.ndenv/versions/5.10.1/bin/npm',
1 verbose cli   'run',
1 verbose cli   'start' ]
2 info using npm@3.8.3
3 info using node@v5.10.1
4 verbose run-script [ 'prestart', 'start', 'poststart' ]
5 info lifecycle introduction@1.0.0~prestart: introduction@1.0.0
6 silly lifecycle introduction@1.0.0~prestart: no script for prestart, continuing
7 info lifecycle introduction@1.0.0~start: introduction@1.0.0
8 verbose lifecycle introduction@1.0.0~start: unsafe-perm in lifecycle true
9 verbose lifecycle introduction@1.0.0~start: PATH: /Users/gaurav/.ndenv/versions/5.10.1/lib/node_modules/npm/bin/node-gyp-bin:/Users/gaurav/contributions/explore-webpack/introduction/node_modules/.bin:/Users/gaurav/.ndenv/versions/5.10.1/bin:/Users/gaurav/.ndenv/versions/5.10.1/bin:/Users/gaurav/.ndenv/libexec:/Users/gaurav/.ndenv/plugins/node-build/bin:/Users/gaurav/.ndenv/shims:/Users/gaurav/.ndenv/bin:/Users/gaurav/.rbenv/shims:/usr/local/opt/php70/bin:/Users/gaurav/depot_tools:/Users/gaurav/.rbenv/bin:/bin:/usr/sbin:/sbin:/usr/local/bin:/usr/bin:/opt/X11/bin:/usr/local/go/bin:/usr/local/MacGPG2/bin:/usr/local/sbin:/Users/gaurav/golang/bin:/usr/local/opt/go/libexec/bin:/usr/local/mysql/bin
10 verbose lifecycle introduction@1.0.0~start: CWD: /Users/gaurav/contributions/explore-webpack/introduction
11 silly lifecycle introduction@1.0.0~start: Args: [ '-c',
11 silly lifecycle   'node_modules/webpack/bin/webpack.js --progress --colors --watch --config webpack.config.js' ]
12 silly lifecycle introduction@1.0.0~start: Returned: code: 1  signal: null
13 info lifecycle introduction@1.0.0~start: Failed to exec start script
14 verbose stack Error: introduction@1.0.0 start: `node_modules/webpack/bin/webpack.js --progress --colors --watch --config webpack.config.js`
14 verbose stack Exit status 1
14 verbose stack     at EventEmitter.<anonymous> (/Users/gaurav/.ndenv/versions/5.10.1/lib/node_modules/npm/lib/utils/lifecycle.js:239:16)
14 verbose stack     at emitTwo (events.js:100:13)
14 verbose stack     at EventEmitter.emit (events.js:185:7)
14 verbose stack     at ChildProcess.<anonymous> (/Users/gaurav/.ndenv/versions/5.10.1/lib/node_modules/npm/lib/utils/spawn.js:24:14)
14 verbose stack     at emitTwo (events.js:100:13)
14 verbose stack     at ChildProcess.emit (events.js:185:7)
14 verbose stack     at maybeClose (internal/child_process.js:850:16)
14 verbose stack     at Process.ChildProcess._handle.onexit (internal/child_process.js:215:5)
15 verbose pkgid introduction@1.0.0
16 verbose cwd /Users/gaurav/contributions/explore-webpack/introduction
17 error Darwin 15.5.0
18 error argv "/Users/gaurav/.ndenv/versions/5.10.1/bin/node" "/Users/gaurav/.ndenv/versions/5.10.1/bin/npm" "run" "start"
19 error node v5.10.1
20 error npm  v3.8.3
21 error code ELIFECYCLE
22 error introduction@1.0.0 start: `node_modules/webpack/bin/webpack.js --progress --colors --watch --config webpack.config.js`
22 error Exit status 1
23 error Failed at the introduction@1.0.0 start script 'node_modules/webpack/bin/webpack.js --progress --colors --watch --config webpack.config.js'.
23 error Make sure you have the latest version of node.js and npm installed.
23 error If you do, this is most likely a problem with the introduction package,
23 error not with npm itself.
23 error Tell the author that this fails on your system:
23 error     node_modules/webpack/bin/webpack.js --progress --colors --watch --config webpack.config.js
23 error You can get information on how to open an issue for this project with:
23 error     npm bugs introduction
23 error Or if that isn't available, you can get their info via:
23 error     npm owner ls introduction
23 error There is likely additional logging output above.
24 verbose exit [ 1, true ]
